<?xml version="1.0" encoding="UTF-8"?>
<testng-results skipped="0" failed="1" ignored="0" total="4" passed="3">
  <reporter-output>
  </reporter-output>
  <suite name="Non régression" duration-ms="164" started-at="2019-12-18T16:09:35Z" finished-at="2019-12-18T16:09:35Z">
    <groups>
    </groups>
    <test name="Suite de tests" duration-ms="164" started-at="2019-12-18T16:09:35Z" finished-at="2019-12-18T16:09:35Z">
      <class name="acial.selenium.exercices.TestA">
        <test-method status="PASS" signature="setUpTestA()[pri:0, instance:acial.selenium.exercices.TestA@1d057a39]" name="setUpTestA" is-config="true" duration-ms="20" started-at="2019-12-18T16:09:35Z" finished-at="2019-12-18T16:09:35Z">
          <reporter-output>
          </reporter-output>
        </test-method> <!-- setUpTestA -->
        <test-method status="PASS" signature="setUpTestB()[pri:0, instance:acial.selenium.exercices.TestB@26be92ad]" name="setUpTestB" is-config="true" duration-ms="1" started-at="2019-12-18T16:09:35Z" finished-at="2019-12-18T16:09:35Z">
          <reporter-output>
          </reporter-output>
        </test-method> <!-- setUpTestB -->
        <test-method status="PASS" signature="setUpClassA()[pri:0, instance:acial.selenium.exercices.TestA@1d057a39]" name="setUpClassA" is-config="true" duration-ms="1" started-at="2019-12-18T16:09:35Z" finished-at="2019-12-18T16:09:35Z">
          <reporter-output>
          </reporter-output>
        </test-method> <!-- setUpClassA -->
        <test-method status="PASS" signature="test_A_2()[pri:1, instance:acial.selenium.exercices.TestA@1d057a39]" name="test_A_2" duration-ms="5" started-at="2019-12-18T16:09:35Z" finished-at="2019-12-18T16:09:35Z">
          <reporter-output>
          </reporter-output>
        </test-method> <!-- test_A_2 -->
        <test-method status="FAIL" signature="test_A_1()[pri:2, instance:acial.selenium.exercices.TestA@1d057a39]" name="test_A_1" duration-ms="12" started-at="2019-12-18T16:09:35Z" finished-at="2019-12-18T16:09:35Z">
          <exception class="java.lang.AssertionError">
            <message>
              <![CDATA[expected [2] but found [1]]]>
            </message>
            <full-stacktrace>
              <![CDATA[java.lang.AssertionError: expected [2] but found [1]
at org.testng.Assert.fail(Assert.java:96)
at org.testng.Assert.failNotEquals(Assert.java:776)
at org.testng.Assert.assertEqualsImpl(Assert.java:137)
at org.testng.Assert.assertEquals(Assert.java:118)
at org.testng.Assert.assertEquals(Assert.java:652)
at org.testng.Assert.assertEquals(Assert.java:662)
at acial.selenium.exercices.TestA.test_A_1(TestA.java:23)
at sun.reflect.NativeMethodAccessorImpl.invoke0(Native Method)
at sun.reflect.NativeMethodAccessorImpl.invoke(NativeMethodAccessorImpl.java:62)
at sun.reflect.DelegatingMethodAccessorImpl.invoke(DelegatingMethodAccessorImpl.java:43)
at java.lang.reflect.Method.invoke(Method.java:498)
at org.testng.internal.MethodInvocationHelper.invokeMethod(MethodInvocationHelper.java:124)
at org.testng.internal.Invoker.invokeMethod(Invoker.java:583)
at org.testng.internal.Invoker.invokeTestMethod(Invoker.java:719)
at org.testng.internal.Invoker.invokeTestMethods(Invoker.java:989)
at org.testng.internal.TestMethodWorker.invokeTestMethods(TestMethodWorker.java:125)
at org.testng.internal.TestMethodWorker.run(TestMethodWorker.java:109)
at org.testng.TestRunner.privateRun(TestRunner.java:648)
at org.testng.TestRunner.run(TestRunner.java:505)
at org.testng.SuiteRunner.runTest(SuiteRunner.java:455)
at org.testng.SuiteRunner.runSequentially(SuiteRunner.java:450)
at org.testng.SuiteRunner.privateRun(SuiteRunner.java:415)
at org.testng.SuiteRunner.run(SuiteRunner.java:364)
at org.testng.SuiteRunnerWorker.runSuite(SuiteRunnerWorker.java:52)
at org.testng.SuiteRunnerWorker.run(SuiteRunnerWorker.java:84)
at org.testng.TestNG.runSuitesSequentially(TestNG.java:1208)
at org.testng.TestNG.runSuitesLocally(TestNG.java:1137)
at org.testng.TestNG.runSuites(TestNG.java:1049)
at org.testng.TestNG.run(TestNG.java:1017)
at org.testng.remote.AbstractRemoteTestNG.run(AbstractRemoteTestNG.java:115)
at org.testng.remote.RemoteTestNG.initAndRun(RemoteTestNG.java:251)
at org.testng.remote.RemoteTestNG.main(RemoteTestNG.java:77)
]]>
            </full-stacktrace>
          </exception> <!-- java.lang.AssertionError -->
          <reporter-output>
          </reporter-output>
        </test-method> <!-- test_A_1 -->
        <test-method status="PASS" signature="tearDownClassA()[pri:0, instance:acial.selenium.exercices.TestA@1d057a39]" name="tearDownClassA" is-config="true" duration-ms="7" started-at="2019-12-18T16:09:35Z" finished-at="2019-12-18T16:09:35Z">
          <reporter-output>
          </reporter-output>
        </test-method> <!-- tearDownClassA -->
        <test-method status="PASS" signature="tearDownTestA()[pri:0, instance:acial.selenium.exercices.TestA@1d057a39]" name="tearDownTestA" is-config="true" duration-ms="8" started-at="2019-12-18T16:09:35Z" finished-at="2019-12-18T16:09:35Z">
          <reporter-output>
          </reporter-output>
        </test-method> <!-- tearDownTestA -->
        <test-method status="PASS" signature="tearDownTestB()[pri:0, instance:acial.selenium.exercices.TestB@26be92ad]" name="tearDownTestB" is-config="true" duration-ms="0" started-at="2019-12-18T16:09:35Z" finished-at="2019-12-18T16:09:35Z">
          <reporter-output>
          </reporter-output>
        </test-method> <!-- tearDownTestB -->
      </class> <!-- acial.selenium.exercices.TestA -->
      <class name="acial.selenium.exercices.TestB">
        <test-method status="PASS" signature="setUpClassB()[pri:0, instance:acial.selenium.exercices.TestB@26be92ad]" name="setUpClassB" is-config="true" duration-ms="1" started-at="2019-12-18T16:09:35Z" finished-at="2019-12-18T16:09:35Z">
          <reporter-output>
          </reporter-output>
        </test-method> <!-- setUpClassB -->
        <test-method status="PASS" signature="test_B_1()[pri:0, instance:acial.selenium.exercices.TestB@26be92ad]" name="test_B_1" duration-ms="7" started-at="2019-12-18T16:09:35Z" finished-at="2019-12-18T16:09:35Z">
          <reporter-output>
          </reporter-output>
        </test-method> <!-- test_B_1 -->
        <test-method status="PASS" signature="test_B_2()[pri:0, instance:acial.selenium.exercices.TestB@26be92ad]" name="test_B_2" duration-ms="11" started-at="2019-12-18T16:09:35Z" finished-at="2019-12-18T16:09:35Z">
          <reporter-output>
          </reporter-output>
        </test-method> <!-- test_B_2 -->
        <test-method status="PASS" signature="tearDownClassB()[pri:0, instance:acial.selenium.exercices.TestB@26be92ad]" name="tearDownClassB" is-config="true" duration-ms="8" started-at="2019-12-18T16:09:35Z" finished-at="2019-12-18T16:09:35Z">
          <reporter-output>
          </reporter-output>
        </test-method> <!-- tearDownClassB -->
      </class> <!-- acial.selenium.exercices.TestB -->
    </test> <!-- Suite de tests -->
  </suite> <!-- Non régression -->
</testng-results>
